<?xml version="1.0" encoding="UTF-8"?>
<testng-results ignored="0" total="1" passed="1" failed="0" skipped="0">
  <reporter-output>
  </reporter-output>
  <suite started-at="2023-09-08T12:30:34 IST" name="Default suite" finished-at="2023-09-08T12:30:35 IST" duration-ms="141">
    <groups>
    </groups>
    <test started-at="2023-09-08T12:30:34 IST" name="Default test" finished-at="2023-09-08T12:30:35 IST" duration-ms="141">
      <class name="PracticeTesting.PracticeTesting.Tests.LoginTest">
        <test-method signature="LoginErrorValidation()[pri:0, instance:PracticeTesting.PracticeTesting.Tests.LoginTest@2ddc9a9f]" started-at="2023-09-08T12:30:34 IST" name="LoginErrorValidation" finished-at="2023-09-08T12:30:35 IST" duration-ms="63" status="PASS">
          <reporter-output>
          </reporter-output>
        </test-method> <!-- LoginErrorValidation -->
      </class> <!-- PracticeTesting.PracticeTesting.Tests.LoginTest -->
    </test> <!-- Default test -->
  </suite> <!-- Default suite -->
</testng-results>
